xmsim(64): 23.03-s013: (c) Copyright 1995-2024 Cadence Design Systems, Inc.
TOOL:	xmsim(64)	23.03-s013: Started on Nov 08, 2024 at 10:18:27 KST
xmsim
    -MESS
    non_blocking

Loading snapshot work_lib.non_blocking:module .................... Done
xcelium> run
[10000] C =    0
[10000] D =    0
[30000] C =    1
[30000] D =    1
[50000] C =    2
[50000] D =    2
[70000] C =    3
[70000] D =    3
[90000] C =    4
[90000] D =    4
Simulation complete via $finish(1) at time 100 NS + 0
./non_blocking.v:47     #100 $finish;
xcelium> exit
TOOL:	xmsim(64)	23.03-s013: Exiting on Nov 08, 2024 at 10:18:27 KST  (total: 00:00:00)
