xmelab(64): 23.03-s013: (c) Copyright 1995-2024 Cadence Design Systems, Inc.
TOOL:	xmelab(64)	23.03-s013: Started on Oct 02, 2024 at 17:16:59 KST
xmelab
    -MESS
    -access +rwc
    tb_sn74ls11

	Elaborating the design hierarchy:
		Caching library 'SN74LS11_lib' ....... Done
	Building instance overlay tables: .................... Done
	Generating native compiled code:
		SN74LS11_lib.tb_sn74ls11:module <0x61c209d0>
			streams:  10, words: 18077
	Building instance specific data structures.
	Loading native compiled code:     .................... Done
	Design hierarchy summary:
		                 Instances  Unique
		Modules:                 5       3
		Primitives:              3       1
		Registers:               9       9
		Scalar wires:            9       -
		Initial blocks:          1       1
		Pseudo assignments:      9       -
		Simulation timescale:  1ps
	Writing initial simulation snapshot: SN74LS11_lib.tb_sn74ls11:module
TOOL:	xmelab(64)	23.03-s013: Exiting on Oct 02, 2024 at 17:16:59 KST  (total: 00:00:00)
