xmelab(64): 23.03-s013: (c) Copyright 1995-2024 Cadence Design Systems, Inc.
TOOL:	xmelab(64)	23.03-s013: Started on Oct 18, 2024 at 09:39:42 KST
xmelab
    -MESS
    -access rwc
    tb_sn54ls153

	Elaborating the design hierarchy:
		Caching library 'SN54LS153_lib' ....... Done
	Building instance overlay tables: .................... Done
	Generating native compiled code:
		SN54LS153_lib.SN54LS153:module <0x6d4daa28>
			streams:   4, words:  1988
		SN54LS153_lib.tb_sn54ls153:module <0x4af785e7>
			streams:  14, words: 13759
	Building instance specific data structures.
	Loading native compiled code:     .................... Done
	Design hierarchy summary:
		                 Instances  Unique
		Modules:                 2       2
		Registers:              12      12
		Scalar wires:           14       -
		Initial blocks:          1       1
		Cont. assignments:       2       2
		Pseudo assignments:     12       -
		Simulation timescale:  1ps
	Writing initial simulation snapshot: SN54LS153_lib.tb_sn54ls153:module
TOOL:	xmelab(64)	23.03-s013: Exiting on Oct 18, 2024 at 09:39:42 KST  (total: 00:00:00)
